{"/home/Drive-A/coding_assessment_meldcx/app.js": {"path":"/home/Drive-A/coding_assessment_meldcx/app.js","statementMap":{"0":{"start":{"line":2,"column":0},"end":{"line":2,"column":27}},"1":{"start":{"line":3,"column":16},"end":{"line":3,"column":34}},"2":{"start":{"line":4,"column":21},"end":{"line":4,"column":45}},"3":{"start":{"line":5,"column":20},"end":{"line":5,"column":48}},"4":{"start":{"line":6,"column":19},"end":{"line":6,"column":52}},"5":{"start":{"line":9,"column":12},"end":{"line":9,"column":21}},"6":{"start":{"line":11,"column":0},"end":{"line":11,"column":24}},"7":{"start":{"line":12,"column":0},"end":{"line":12,"column":49}},"8":{"start":{"line":13,"column":0},"end":{"line":13,"column":24}},"9":{"start":{"line":16,"column":0},"end":{"line":16,"column":20}},"10":{"start":{"line":19,"column":0},"end":{"line":19,"column":25}},"11":{"start":{"line":22,"column":0},"end":{"line":22,"column":21}}},"fnMap":{},"branchMap":{},"s":{"0":1,"1":1,"2":1,"3":1,"4":1,"5":1,"6":1,"7":1,"8":1,"9":1,"10":1,"11":1},"f":{},"b":{},"_coverageSchema":"1a1c01bbd47fc00a2c39e90264f33305004495a9","hash":"67b944cd23c2100e27eec1c77164db4d0e0e418b"}
,"/home/Drive-A/coding_assessment_meldcx/config/config.defaults.js": {"path":"/home/Drive-A/coding_assessment_meldcx/config/config.defaults.js","statementMap":{"0":{"start":{"line":3,"column":0},"end":{"line":6,"column":1}}},"fnMap":{},"branchMap":{"0":{"loc":{"start":{"line":4,"column":6},"end":{"line":4,"column":43}},"type":"binary-expr","locations":[{"start":{"line":4,"column":6},"end":{"line":4,"column":26}},{"start":{"line":4,"column":30},"end":{"line":4,"column":43}}],"line":4}},"s":{"0":1},"f":{},"b":{"0":[1,0]},"_coverageSchema":"1a1c01bbd47fc00a2c39e90264f33305004495a9","hash":"a2dfa04091a791f4d8128bb618391ebd11b27162"}
,"/home/Drive-A/coding_assessment_meldcx/config/index.js": {"path":"/home/Drive-A/coding_assessment_meldcx/config/index.js","statementMap":{"0":{"start":{"line":2,"column":0},"end":{"line":2,"column":27}},"1":{"start":{"line":4,"column":10},"end":{"line":4,"column":47}},"2":{"start":{"line":5,"column":7},"end":{"line":5,"column":33}},"3":{"start":{"line":7,"column":0},"end":{"line":7,"column":21}}},"fnMap":{},"branchMap":{"0":{"loc":{"start":{"line":4,"column":10},"end":{"line":4,"column":47}},"type":"binary-expr","locations":[{"start":{"line":4,"column":10},"end":{"line":4,"column":30}},{"start":{"line":4,"column":34},"end":{"line":4,"column":47}}],"line":4}},"s":{"0":1,"1":1,"2":1,"3":1},"f":{},"b":{"0":[1,0]},"_coverageSchema":"1a1c01bbd47fc00a2c39e90264f33305004495a9","hash":"735bb05055e258ddfc867429adff393ca939e503"}
,"/home/Drive-A/coding_assessment_meldcx/controllers/FileController.js": {"path":"/home/Drive-A/coding_assessment_meldcx/controllers/FileController.js","statementMap":{"0":{"start":{"line":1,"column":15},"end":{"line":1,"column":32}},"1":{"start":{"line":2,"column":31},"end":{"line":2,"column":57}},"2":{"start":{"line":6,"column":8},"end":{"line":6,"column":40}},"3":{"start":{"line":7,"column":8},"end":{"line":7,"column":36}},"4":{"start":{"line":8,"column":8},"end":{"line":8,"column":44}},"5":{"start":{"line":18,"column":13},"end":{"line":48,"column":5}},"6":{"start":{"line":19,"column":8},"end":{"line":47,"column":9}},"7":{"start":{"line":20,"column":25},"end":{"line":20,"column":33}},"8":{"start":{"line":21,"column":32},"end":{"line":21,"column":69}},"9":{"start":{"line":22,"column":12},"end":{"line":22,"column":43}},"10":{"start":{"line":24,"column":12},"end":{"line":24,"column":49}},"11":{"start":{"line":26,"column":46},"end":{"line":26,"column":84}},"12":{"start":{"line":27,"column":29},"end":{"line":33,"column":13}},"13":{"start":{"line":35,"column":12},"end":{"line":35,"column":50}},"14":{"start":{"line":37,"column":29},"end":{"line":41,"column":13}},"15":{"start":{"line":43,"column":12},"end":{"line":43,"column":50}},"16":{"start":{"line":46,"column":12},"end":{"line":46,"column":68}},"17":{"start":{"line":57,"column":11},"end":{"line":98,"column":5}},"18":{"start":{"line":58,"column":8},"end":{"line":96,"column":9}},"19":{"start":{"line":59,"column":34},"end":{"line":59,"column":44}},"20":{"start":{"line":60,"column":34},"end":{"line":60,"column":71}},"21":{"start":{"line":62,"column":12},"end":{"line":92,"column":13}},"22":{"start":{"line":64,"column":29},"end":{"line":64,"column":67}},"23":{"start":{"line":66,"column":16},"end":{"line":66,"column":62}},"24":{"start":{"line":67,"column":16},"end":{"line":67,"column":95}},"25":{"start":{"line":69,"column":16},"end":{"line":82,"column":19}},"26":{"start":{"line":71,"column":37},"end":{"line":77,"column":21}},"27":{"start":{"line":79,"column":20},"end":{"line":79,"column":77}},"28":{"start":{"line":81,"column":20},"end":{"line":81,"column":30}},"29":{"start":{"line":84,"column":16},"end":{"line":86,"column":19}},"30":{"start":{"line":85,"column":20},"end":{"line":85,"column":78}},"31":{"start":{"line":88,"column":16},"end":{"line":88,"column":31}},"32":{"start":{"line":91,"column":16},"end":{"line":91,"column":75}},"33":{"start":{"line":95,"column":12},"end":{"line":95,"column":68}},"34":{"start":{"line":106,"column":13},"end":{"line":123,"column":5}},"35":{"start":{"line":108,"column":8},"end":{"line":122,"column":9}},"36":{"start":{"line":109,"column":35},"end":{"line":109,"column":45}},"37":{"start":{"line":110,"column":34},"end":{"line":110,"column":72}},"38":{"start":{"line":112,"column":12},"end":{"line":118,"column":13}},"39":{"start":{"line":113,"column":16},"end":{"line":113,"column":63}},"40":{"start":{"line":114,"column":16},"end":{"line":114,"column":57}},"41":{"start":{"line":115,"column":16},"end":{"line":115,"column":80}},"42":{"start":{"line":117,"column":16},"end":{"line":117,"column":58}},"43":{"start":{"line":121,"column":12},"end":{"line":121,"column":68}},"44":{"start":{"line":126,"column":0},"end":{"line":126,"column":32}}},"fnMap":{"0":{"name":"(anonymous_0)","decl":{"start":{"line":5,"column":4},"end":{"line":5,"column":5}},"loc":{"start":{"line":5,"column":55},"end":{"line":9,"column":5}},"line":5},"1":{"name":"(anonymous_1)","decl":{"start":{"line":18,"column":13},"end":{"line":18,"column":14}},"loc":{"start":{"line":18,"column":33},"end":{"line":48,"column":5}},"line":18},"2":{"name":"(anonymous_2)","decl":{"start":{"line":57,"column":11},"end":{"line":57,"column":12}},"loc":{"start":{"line":57,"column":31},"end":{"line":98,"column":5}},"line":57},"3":{"name":"(anonymous_3)","decl":{"start":{"line":69,"column":33},"end":{"line":69,"column":34}},"loc":{"start":{"line":69,"column":45},"end":{"line":82,"column":17}},"line":69},"4":{"name":"(anonymous_4)","decl":{"start":{"line":84,"column":33},"end":{"line":84,"column":34}},"loc":{"start":{"line":84,"column":44},"end":{"line":86,"column":17}},"line":84},"5":{"name":"(anonymous_5)","decl":{"start":{"line":106,"column":13},"end":{"line":106,"column":14}},"loc":{"start":{"line":106,"column":33},"end":{"line":123,"column":5}},"line":106}},"branchMap":{"0":{"loc":{"start":{"line":62,"column":12},"end":{"line":92,"column":13}},"type":"if","locations":[{"start":{"line":62,"column":12},"end":{"line":92,"column":13}},{"start":{"line":90,"column":19},"end":{"line":92,"column":13}}],"line":62},"1":{"loc":{"start":{"line":62,"column":16},"end":{"line":62,"column":43}},"type":"binary-expr","locations":[{"start":{"line":62,"column":16},"end":{"line":62,"column":20}},{"start":{"line":62,"column":24},"end":{"line":62,"column":43}}],"line":62},"2":{"loc":{"start":{"line":112,"column":12},"end":{"line":118,"column":13}},"type":"if","locations":[{"start":{"line":112,"column":12},"end":{"line":118,"column":13}},{"start":{"line":116,"column":19},"end":{"line":118,"column":13}}],"line":112},"3":{"loc":{"start":{"line":112,"column":16},"end":{"line":112,"column":44}},"type":"binary-expr","locations":[{"start":{"line":112,"column":16},"end":{"line":112,"column":20}},{"start":{"line":112,"column":24},"end":{"line":112,"column":44}}],"line":112}},"s":{"0":1,"1":1,"2":1,"3":1,"4":1,"5":1,"6":1,"7":1,"8":1,"9":1,"10":1,"11":1,"12":1,"13":1,"14":1,"15":1,"16":0,"17":1,"18":1,"19":1,"20":1,"21":1,"22":1,"23":1,"24":1,"25":1,"26":1,"27":1,"28":0,"29":1,"30":0,"31":1,"32":0,"33":0,"34":1,"35":1,"36":1,"37":1,"38":0,"39":0,"40":0,"41":0,"42":0,"43":1,"44":1},"f":{"0":1,"1":1,"2":1,"3":1,"4":0,"5":1},"b":{"0":[1,0],"1":[1,1],"2":[0,0],"3":[0,0]},"_coverageSchema":"1a1c01bbd47fc00a2c39e90264f33305004495a9","hash":"839ee47303860ae82b8efe502926ea497e0dd29b"}
,"/home/Drive-A/coding_assessment_meldcx/ioc/index.js": {"path":"/home/Drive-A/coding_assessment_meldcx/ioc/index.js","statementMap":{"0":{"start":{"line":2,"column":18},"end":{"line":2,"column":38}},"1":{"start":{"line":3,"column":14},"end":{"line":3,"column":35}},"2":{"start":{"line":4,"column":23},"end":{"line":4,"column":60}},"3":{"start":{"line":5,"column":18},"end":{"line":5,"column":50}},"4":{"start":{"line":6,"column":22},"end":{"line":6,"column":58}},"5":{"start":{"line":7,"column":20},"end":{"line":7,"column":54}},"6":{"start":{"line":8,"column":20},"end":{"line":8,"column":72}},"7":{"start":{"line":9,"column":23},"end":{"line":9,"column":66}},"8":{"start":{"line":10,"column":21},"end":{"line":10,"column":74}},"9":{"start":{"line":11,"column":17},"end":{"line":11,"column":66}},"10":{"start":{"line":13,"column":0},"end":{"line":13,"column":28}},"11":{"start":{"line":14,"column":0},"end":{"line":14,"column":27}},"12":{"start":{"line":17,"column":0},"end":{"line":17,"column":59}},"13":{"start":{"line":18,"column":0},"end":{"line":18,"column":54}},"14":{"start":{"line":19,"column":0},"end":{"line":19,"column":58}},"15":{"start":{"line":20,"column":0},"end":{"line":20,"column":56}},"16":{"start":{"line":21,"column":0},"end":{"line":21,"column":56}},"17":{"start":{"line":22,"column":0},"end":{"line":22,"column":59}},"18":{"start":{"line":25,"column":18},"end":{"line":25,"column":43}},"19":{"start":{"line":28,"column":0},"end":{"line":28,"column":56}},"20":{"start":{"line":29,"column":0},"end":{"line":29,"column":46}},"21":{"start":{"line":30,"column":0},"end":{"line":30,"column":54}},"22":{"start":{"line":31,"column":0},"end":{"line":31,"column":50}},"23":{"start":{"line":32,"column":0},"end":{"line":32,"column":50}},"24":{"start":{"line":33,"column":0},"end":{"line":33,"column":56}},"25":{"start":{"line":36,"column":28},"end":{"line":36,"column":60}},"26":{"start":{"line":37,"column":23},"end":{"line":37,"column":58}},"27":{"start":{"line":40,"column":0},"end":{"line":40,"column":47}},"28":{"start":{"line":41,"column":0},"end":{"line":41,"column":43}},"29":{"start":{"line":44,"column":0},"end":{"line":44,"column":80}},"30":{"start":{"line":47,"column":0},"end":{"line":47,"column":79}},"31":{"start":{"line":48,"column":0},"end":{"line":48,"column":56}},"32":{"start":{"line":51,"column":0},"end":{"line":51,"column":70}},"33":{"start":{"line":52,"column":0},"end":{"line":52,"column":80}},"34":{"start":{"line":55,"column":0},"end":{"line":55,"column":75}},"35":{"start":{"line":58,"column":0},"end":{"line":58,"column":83}},"36":{"start":{"line":59,"column":0},"end":{"line":59,"column":73}},"37":{"start":{"line":60,"column":0},"end":{"line":60,"column":77}},"38":{"start":{"line":63,"column":0},"end":{"line":63,"column":27}}},"fnMap":{},"branchMap":{},"s":{"0":1,"1":1,"2":1,"3":1,"4":1,"5":1,"6":1,"7":1,"8":1,"9":1,"10":1,"11":1,"12":1,"13":1,"14":1,"15":1,"16":1,"17":1,"18":1,"19":1,"20":1,"21":1,"22":1,"23":1,"24":1,"25":1,"26":1,"27":1,"28":1,"29":1,"30":1,"31":1,"32":1,"33":1,"34":1,"35":1,"36":1,"37":1,"38":1},"f":{},"b":{},"_coverageSchema":"1a1c01bbd47fc00a2c39e90264f33305004495a9","hash":"211f537709d7b681bdd20540891aa70cf613e2e7"}
,"/home/Drive-A/coding_assessment_meldcx/ioc/types.js": {"path":"/home/Drive-A/coding_assessment_meldcx/ioc/types.js","statementMap":{"0":{"start":{"line":1,"column":14},"end":{"line":10,"column":1}},"1":{"start":{"line":12,"column":0},"end":{"line":12,"column":23}}},"fnMap":{},"branchMap":{},"s":{"0":1,"1":1},"f":{},"b":{},"_coverageSchema":"1a1c01bbd47fc00a2c39e90264f33305004495a9","hash":"747fe7493c2e10ad7a638e97e3568aae16b5b001"}
,"/home/Drive-A/coding_assessment_meldcx/lib/rateLimiter.js": {"path":"/home/Drive-A/coding_assessment_meldcx/lib/rateLimiter.js","statementMap":{"0":{"start":{"line":1,"column":18},"end":{"line":1,"column":47}},"1":{"start":{"line":2,"column":0},"end":{"line":2,"column":26}},"2":{"start":{"line":4,"column":20},"end":{"line":13,"column":2}},"3":{"start":{"line":15,"column":0},"end":{"line":15,"column":28}}},"fnMap":{},"branchMap":{},"s":{"0":1,"1":1,"2":1,"3":1},"f":{},"b":{},"_coverageSchema":"1a1c01bbd47fc00a2c39e90264f33305004495a9","hash":"6b8d6a07ab3366c088d0aef1e462824536457c48"}
,"/home/Drive-A/coding_assessment_meldcx/lib/result.details.js": {"path":"/home/Drive-A/coding_assessment_meldcx/lib/result.details.js","statementMap":{"0":{"start":{"line":3,"column":23},"end":{"line":8,"column":1}},"1":{"start":{"line":10,"column":0},"end":{"line":10,"column":31}}},"fnMap":{},"branchMap":{},"s":{"0":1,"1":1},"f":{},"b":{},"_coverageSchema":"1a1c01bbd47fc00a2c39e90264f33305004495a9","hash":"b43038159e8e56c9863a4018153796eb01070f5d"}
,"/home/Drive-A/coding_assessment_meldcx/lib/uploadHandler.js": {"path":"/home/Drive-A/coding_assessment_meldcx/lib/uploadHandler.js","statementMap":{"0":{"start":{"line":2,"column":24},"end":{"line":2,"column":41}},"1":{"start":{"line":3,"column":15},"end":{"line":3,"column":32}},"2":{"start":{"line":4,"column":0},"end":{"line":4,"column":27}},"3":{"start":{"line":7,"column":20},"end":{"line":7,"column":42}},"4":{"start":{"line":10,"column":0},"end":{"line":20,"column":3}},"5":{"start":{"line":18,"column":8},"end":{"line":18,"column":22}},"6":{"start":{"line":23,"column":0},"end":{"line":43,"column":1}},"7":{"start":{"line":24,"column":4},"end":{"line":42,"column":6}},"8":{"start":{"line":24,"column":31},"end":{"line":42,"column":6}},"9":{"start":{"line":26,"column":8},"end":{"line":31,"column":9}},"10":{"start":{"line":27,"column":12},"end":{"line":30,"column":15}},"11":{"start":{"line":34,"column":8},"end":{"line":39,"column":9}},"12":{"start":{"line":35,"column":12},"end":{"line":38,"column":15}},"13":{"start":{"line":41,"column":8},"end":{"line":41,"column":15}}},"fnMap":{"0":{"name":"(anonymous_0)","decl":{"start":{"line":16,"column":4},"end":{"line":16,"column":5}},"loc":{"start":{"line":16,"column":30},"end":{"line":19,"column":5}},"line":16},"1":{"name":"(anonymous_1)","decl":{"start":{"line":23,"column":24},"end":{"line":23,"column":25}},"loc":{"start":{"line":23,"column":32},"end":{"line":43,"column":1}},"line":23},"2":{"name":"(anonymous_2)","decl":{"start":{"line":24,"column":11},"end":{"line":24,"column":12}},"loc":{"start":{"line":24,"column":31},"end":{"line":42,"column":6}},"line":24},"3":{"name":"(anonymous_3)","decl":{"start":{"line":24,"column":44},"end":{"line":24,"column":45}},"loc":{"start":{"line":24,"column":51},"end":{"line":42,"column":5}},"line":24}},"branchMap":{"0":{"loc":{"start":{"line":26,"column":8},"end":{"line":31,"column":9}},"type":"if","locations":[{"start":{"line":26,"column":8},"end":{"line":31,"column":9}},{"start":{},"end":{}}],"line":26},"1":{"loc":{"start":{"line":34,"column":8},"end":{"line":39,"column":9}},"type":"if","locations":[{"start":{"line":34,"column":8},"end":{"line":39,"column":9}},{"start":{},"end":{}}],"line":34}},"s":{"0":1,"1":1,"2":1,"3":1,"4":1,"5":1,"6":1,"7":1,"8":1,"9":1,"10":0,"11":1,"12":0,"13":1},"f":{"0":1,"1":1,"2":1,"3":1},"b":{"0":[0,1],"1":[0,1]},"_coverageSchema":"1a1c01bbd47fc00a2c39e90264f33305004495a9","hash":"2835796cac2bff6fdaf47f36bd44f216cfea706b"}
,"/home/Drive-A/coding_assessment_meldcx/lib/utils.js": {"path":"/home/Drive-A/coding_assessment_meldcx/lib/utils.js","statementMap":{"0":{"start":{"line":1,"column":15},"end":{"line":1,"column":32}},"1":{"start":{"line":3,"column":0},"end":{"line":8,"column":1}},"2":{"start":{"line":5,"column":27},"end":{"line":5,"column":65}},"3":{"start":{"line":6,"column":8},"end":{"line":6,"column":42}}},"fnMap":{"0":{"name":"(anonymous_0)","decl":{"start":{"line":4,"column":24},"end":{"line":4,"column":25}},"loc":{"start":{"line":4,"column":44},"end":{"line":7,"column":5}},"line":4}},"branchMap":{},"s":{"0":1,"1":1,"2":1,"3":1},"f":{"0":1},"b":{},"_coverageSchema":"1a1c01bbd47fc00a2c39e90264f33305004495a9","hash":"5a3cefb0fc9541a7ede779211d619f7526cbe67c"}
,"/home/Drive-A/coding_assessment_meldcx/routes/fileRouter.js": {"path":"/home/Drive-A/coding_assessment_meldcx/routes/fileRouter.js","statementMap":{"0":{"start":{"line":2,"column":16},"end":{"line":2,"column":34}},"1":{"start":{"line":3,"column":27},"end":{"line":3,"column":58}},"2":{"start":{"line":4,"column":34},"end":{"line":4,"column":68}},"3":{"start":{"line":7,"column":19},"end":{"line":7,"column":35}},"4":{"start":{"line":10,"column":0},"end":{"line":10,"column":96}},"5":{"start":{"line":11,"column":0},"end":{"line":11,"column":57}},"6":{"start":{"line":12,"column":0},"end":{"line":12,"column":63}},"7":{"start":{"line":14,"column":0},"end":{"line":14,"column":28}}},"fnMap":{},"branchMap":{},"s":{"0":1,"1":1,"2":1,"3":1,"4":1,"5":1,"6":1,"7":1},"f":{},"b":{},"_coverageSchema":"1a1c01bbd47fc00a2c39e90264f33305004495a9","hash":"2ebf1d61df0559cb5f5cfa1a84005c86b0c49e5f"}
,"/home/Drive-A/coding_assessment_meldcx/services/index.js": {"path":"/home/Drive-A/coding_assessment_meldcx/services/index.js","statementMap":{"0":{"start":{"line":2,"column":14},"end":{"line":2,"column":40}},"1":{"start":{"line":3,"column":18},"end":{"line":3,"column":35}},"2":{"start":{"line":5,"column":0},"end":{"line":9,"column":1}}},"fnMap":{},"branchMap":{},"s":{"0":1,"1":1,"2":1},"f":{},"b":{},"_coverageSchema":"1a1c01bbd47fc00a2c39e90264f33305004495a9","hash":"41b5734bc1ff6965eafd87338aed70f841451330"}
,"/home/Drive-A/coding_assessment_meldcx/services/CronService/index.js": {"path":"/home/Drive-A/coding_assessment_meldcx/services/CronService/index.js","statementMap":{"0":{"start":{"line":2,"column":15},"end":{"line":2,"column":32}},"1":{"start":{"line":3,"column":12},"end":{"line":3,"column":35}},"2":{"start":{"line":4,"column":0},"end":{"line":4,"column":26}},"3":{"start":{"line":8,"column":8},"end":{"line":8,"column":36}},"4":{"start":{"line":9,"column":8},"end":{"line":9,"column":40}},"5":{"start":{"line":17,"column":27},"end":{"line":32,"column":5}},"6":{"start":{"line":18,"column":8},"end":{"line":31,"column":9}},"7":{"start":{"line":19,"column":12},"end":{"line":27,"column":13}},"8":{"start":{"line":20,"column":16},"end":{"line":25,"column":19}},"9":{"start":{"line":21,"column":55},"end":{"line":21,"column":59}},"10":{"start":{"line":23,"column":20},"end":{"line":23,"column":61}},"11":{"start":{"line":24,"column":20},"end":{"line":24,"column":61}},"12":{"start":{"line":26,"column":16},"end":{"line":26,"column":76}},"13":{"start":{"line":30,"column":12},"end":{"line":30,"column":24}},"14":{"start":{"line":38,"column":25},"end":{"line":57,"column":5}},"15":{"start":{"line":39,"column":8},"end":{"line":56,"column":9}},"16":{"start":{"line":40,"column":25},"end":{"line":40,"column":53}},"17":{"start":{"line":41,"column":32},"end":{"line":41,"column":40}},"18":{"start":{"line":43,"column":34},"end":{"line":43,"column":36}},"19":{"start":{"line":45,"column":12},"end":{"line":50,"column":15}},"20":{"start":{"line":46,"column":37},"end":{"line":46,"column":93}},"21":{"start":{"line":47,"column":16},"end":{"line":49,"column":17}},"22":{"start":{"line":48,"column":20},"end":{"line":48,"column":48}},"23":{"start":{"line":52,"column":12},"end":{"line":52,"column":33}},"24":{"start":{"line":55,"column":12},"end":{"line":55,"column":24}},"25":{"start":{"line":60,"column":0},"end":{"line":60,"column":29}}},"fnMap":{"0":{"name":"(anonymous_0)","decl":{"start":{"line":7,"column":4},"end":{"line":7,"column":5}},"loc":{"start":{"line":7,"column":40},"end":{"line":10,"column":5}},"line":7},"1":{"name":"(anonymous_1)","decl":{"start":{"line":17,"column":27},"end":{"line":17,"column":28}},"loc":{"start":{"line":17,"column":52},"end":{"line":32,"column":5}},"line":17},"2":{"name":"(anonymous_2)","decl":{"start":{"line":20,"column":38},"end":{"line":20,"column":39}},"loc":{"start":{"line":20,"column":54},"end":{"line":25,"column":17}},"line":20},"3":{"name":"(anonymous_3)","decl":{"start":{"line":38,"column":25},"end":{"line":38,"column":26}},"loc":{"start":{"line":38,"column":37},"end":{"line":57,"column":5}},"line":38},"4":{"name":"(anonymous_4)","decl":{"start":{"line":45,"column":25},"end":{"line":45,"column":26}},"loc":{"start":{"line":45,"column":36},"end":{"line":50,"column":13}},"line":45}},"branchMap":{"0":{"loc":{"start":{"line":19,"column":12},"end":{"line":27,"column":13}},"type":"if","locations":[{"start":{"line":19,"column":12},"end":{"line":27,"column":13}},{"start":{},"end":{}}],"line":19},"1":{"loc":{"start":{"line":47,"column":16},"end":{"line":49,"column":17}},"type":"if","locations":[{"start":{"line":47,"column":16},"end":{"line":49,"column":17}},{"start":{},"end":{}}],"line":47}},"s":{"0":1,"1":1,"2":1,"3":1,"4":1,"5":1,"6":0,"7":0,"8":0,"9":0,"10":0,"11":0,"12":0,"13":0,"14":1,"15":0,"16":0,"17":0,"18":0,"19":0,"20":0,"21":0,"22":0,"23":0,"24":0,"25":1},"f":{"0":1,"1":0,"2":0,"3":0,"4":0},"b":{"0":[0,0],"1":[0,0]},"_coverageSchema":"1a1c01bbd47fc00a2c39e90264f33305004495a9","hash":"714181da51b228f72d890d73b494cf7cded7ea46"}
,"/home/Drive-A/coding_assessment_meldcx/services/CryptoService/index.js": {"path":"/home/Drive-A/coding_assessment_meldcx/services/CryptoService/index.js","statementMap":{"0":{"start":{"line":2,"column":32},"end":{"line":2,"column":49}},"1":{"start":{"line":6,"column":8},"end":{"line":6,"column":41}},"2":{"start":{"line":7,"column":8},"end":{"line":7,"column":64}},"3":{"start":{"line":14,"column":23},"end":{"line":20,"column":5}},"4":{"start":{"line":15,"column":8},"end":{"line":15,"column":43}},"5":{"start":{"line":16,"column":26},"end":{"line":16,"column":60}},"6":{"start":{"line":17,"column":27},"end":{"line":17,"column":62}},"7":{"start":{"line":19,"column":8},"end":{"line":19,"column":41}},"8":{"start":{"line":24,"column":0},"end":{"line":24,"column":31}}},"fnMap":{"0":{"name":"(anonymous_0)","decl":{"start":{"line":5,"column":4},"end":{"line":5,"column":5}},"loc":{"start":{"line":5,"column":24},"end":{"line":8,"column":5}},"line":5},"1":{"name":"(anonymous_1)","decl":{"start":{"line":14,"column":23},"end":{"line":14,"column":24}},"loc":{"start":{"line":14,"column":29},"end":{"line":20,"column":5}},"line":14}},"branchMap":{"0":{"loc":{"start":{"line":6,"column":28},"end":{"line":6,"column":40}},"type":"binary-expr","locations":[{"start":{"line":6,"column":28},"end":{"line":6,"column":34}},{"start":{"line":6,"column":38},"end":{"line":6,"column":40}}],"line":6}},"s":{"0":1,"1":1,"2":1,"3":1,"4":1,"5":1,"6":1,"7":1,"8":1},"f":{"0":1,"1":1},"b":{"0":[1,0]},"_coverageSchema":"1a1c01bbd47fc00a2c39e90264f33305004495a9","hash":"209fa880a74e997b894adc2fd8841b32e3539d5a"}
,"/home/Drive-A/coding_assessment_meldcx/services/DbService/index.js": {"path":"/home/Drive-A/coding_assessment_meldcx/services/DbService/index.js","statementMap":{"0":{"start":{"line":2,"column":11},"end":{"line":2,"column":24}},"1":{"start":{"line":3,"column":12},"end":{"line":3,"column":35}},"2":{"start":{"line":6,"column":20},"end":{"line":6,"column":31}},"3":{"start":{"line":10,"column":8},"end":{"line":10,"column":53}},"4":{"start":{"line":17,"column":11},"end":{"line":24,"column":5}},"5":{"start":{"line":18,"column":8},"end":{"line":23,"column":9}},"6":{"start":{"line":19,"column":25},"end":{"line":19,"column":70}},"7":{"start":{"line":20,"column":12},"end":{"line":20,"column":47}},"8":{"start":{"line":22,"column":12},"end":{"line":22,"column":24}},"9":{"start":{"line":30,"column":12},"end":{"line":38,"column":5}},"10":{"start":{"line":31,"column":8},"end":{"line":37,"column":9}},"11":{"start":{"line":32,"column":25},"end":{"line":32,"column":48}},"12":{"start":{"line":33,"column":12},"end":{"line":33,"column":28}},"13":{"start":{"line":34,"column":12},"end":{"line":34,"column":72}},"14":{"start":{"line":36,"column":12},"end":{"line":36,"column":24}},"15":{"start":{"line":45,"column":11},"end":{"line":73,"column":5}},"16":{"start":{"line":46,"column":8},"end":{"line":72,"column":9}},"17":{"start":{"line":47,"column":25},"end":{"line":47,"column":42}},"18":{"start":{"line":48,"column":12},"end":{"line":68,"column":13}},"19":{"start":{"line":49,"column":37},"end":{"line":49,"column":86}},"20":{"start":{"line":49,"column":58},"end":{"line":49,"column":85}},"21":{"start":{"line":50,"column":36},"end":{"line":50,"column":84}},"22":{"start":{"line":50,"column":57},"end":{"line":50,"column":83}},"23":{"start":{"line":52,"column":16},"end":{"line":64,"column":17}},"24":{"start":{"line":53,"column":20},"end":{"line":56,"column":21}},"25":{"start":{"line":57,"column":23},"end":{"line":64,"column":17}},"26":{"start":{"line":58,"column":20},"end":{"line":61,"column":21}},"27":{"start":{"line":63,"column":20},"end":{"line":63,"column":67}},"28":{"start":{"line":67,"column":16},"end":{"line":67,"column":55}},"29":{"start":{"line":71,"column":12},"end":{"line":71,"column":24}},"30":{"start":{"line":81,"column":13},"end":{"line":89,"column":5}},"31":{"start":{"line":82,"column":8},"end":{"line":88,"column":9}},"32":{"start":{"line":83,"column":29},"end":{"line":83,"column":49}},"33":{"start":{"line":84,"column":12},"end":{"line":84,"column":48}},"34":{"start":{"line":85,"column":12},"end":{"line":85,"column":35}},"35":{"start":{"line":87,"column":12},"end":{"line":87,"column":24}},"36":{"start":{"line":96,"column":13},"end":{"line":113,"column":5}},"37":{"start":{"line":97,"column":8},"end":{"line":112,"column":9}},"38":{"start":{"line":98,"column":25},"end":{"line":98,"column":42}},"39":{"start":{"line":99,"column":12},"end":{"line":109,"column":13}},"40":{"start":{"line":100,"column":32},"end":{"line":100,"column":89}},"41":{"start":{"line":100,"column":55},"end":{"line":100,"column":88}},"42":{"start":{"line":102,"column":16},"end":{"line":104,"column":17}},"43":{"start":{"line":103,"column":20},"end":{"line":103,"column":74}},"44":{"start":{"line":106,"column":16},"end":{"line":106,"column":79}},"45":{"start":{"line":108,"column":16},"end":{"line":108,"column":55}},"46":{"start":{"line":111,"column":12},"end":{"line":111,"column":24}},"47":{"start":{"line":116,"column":0},"end":{"line":116,"column":27}}},"fnMap":{"0":{"name":"(anonymous_0)","decl":{"start":{"line":9,"column":4},"end":{"line":9,"column":5}},"loc":{"start":{"line":9,"column":18},"end":{"line":11,"column":5}},"line":9},"1":{"name":"(anonymous_1)","decl":{"start":{"line":17,"column":11},"end":{"line":17,"column":12}},"loc":{"start":{"line":17,"column":23},"end":{"line":24,"column":5}},"line":17},"2":{"name":"(anonymous_2)","decl":{"start":{"line":30,"column":12},"end":{"line":30,"column":13}},"loc":{"start":{"line":30,"column":28},"end":{"line":38,"column":5}},"line":30},"3":{"name":"(anonymous_3)","decl":{"start":{"line":45,"column":11},"end":{"line":45,"column":12}},"loc":{"start":{"line":45,"column":26},"end":{"line":73,"column":5}},"line":45},"4":{"name":"(anonymous_4)","decl":{"start":{"line":49,"column":47},"end":{"line":49,"column":48}},"loc":{"start":{"line":49,"column":58},"end":{"line":49,"column":85}},"line":49},"5":{"name":"(anonymous_5)","decl":{"start":{"line":50,"column":46},"end":{"line":50,"column":47}},"loc":{"start":{"line":50,"column":57},"end":{"line":50,"column":83}},"line":50},"6":{"name":"(anonymous_6)","decl":{"start":{"line":81,"column":13},"end":{"line":81,"column":14}},"loc":{"start":{"line":81,"column":34},"end":{"line":89,"column":5}},"line":81},"7":{"name":"(anonymous_7)","decl":{"start":{"line":96,"column":13},"end":{"line":96,"column":14}},"loc":{"start":{"line":96,"column":35},"end":{"line":113,"column":5}},"line":96},"8":{"name":"(anonymous_8)","decl":{"start":{"line":100,"column":44},"end":{"line":100,"column":45}},"loc":{"start":{"line":100,"column":55},"end":{"line":100,"column":88}},"line":100}},"branchMap":{"0":{"loc":{"start":{"line":32,"column":25},"end":{"line":32,"column":48}},"type":"binary-expr","locations":[{"start":{"line":32,"column":25},"end":{"line":32,"column":42}},{"start":{"line":32,"column":46},"end":{"line":32,"column":48}}],"line":32},"1":{"loc":{"start":{"line":48,"column":12},"end":{"line":68,"column":13}},"type":"if","locations":[{"start":{"line":48,"column":12},"end":{"line":68,"column":13}},{"start":{"line":66,"column":19},"end":{"line":68,"column":13}}],"line":48},"2":{"loc":{"start":{"line":52,"column":16},"end":{"line":64,"column":17}},"type":"if","locations":[{"start":{"line":52,"column":16},"end":{"line":64,"column":17}},{"start":{"line":57,"column":23},"end":{"line":64,"column":17}}],"line":52},"3":{"loc":{"start":{"line":57,"column":23},"end":{"line":64,"column":17}},"type":"if","locations":[{"start":{"line":57,"column":23},"end":{"line":64,"column":17}},{"start":{"line":62,"column":23},"end":{"line":64,"column":17}}],"line":57},"4":{"loc":{"start":{"line":99,"column":12},"end":{"line":109,"column":13}},"type":"if","locations":[{"start":{"line":99,"column":12},"end":{"line":109,"column":13}},{"start":{"line":107,"column":19},"end":{"line":109,"column":13}}],"line":99},"5":{"loc":{"start":{"line":102,"column":16},"end":{"line":104,"column":17}},"type":"if","locations":[{"start":{"line":102,"column":16},"end":{"line":104,"column":17}},{"start":{},"end":{}}],"line":102}},"s":{"0":1,"1":1,"2":1,"3":3,"4":3,"5":5,"6":5,"7":4,"8":0,"9":3,"10":1,"11":1,"12":1,"13":1,"14":0,"15":3,"16":3,"17":3,"18":3,"19":3,"20":30,"21":3,"22":30,"23":3,"24":1,"25":2,"26":1,"27":1,"28":0,"29":1,"30":3,"31":1,"32":1,"33":1,"34":0,"35":0,"36":3,"37":1,"38":1,"39":0,"40":0,"41":0,"42":0,"43":0,"44":0,"45":0,"46":0,"47":1},"f":{"0":3,"1":5,"2":1,"3":3,"4":30,"5":30,"6":1,"7":1,"8":0},"b":{"0":[1,0],"1":[3,0],"2":[1,2],"3":[1,1],"4":[0,0],"5":[0,0]},"_coverageSchema":"1a1c01bbd47fc00a2c39e90264f33305004495a9","hash":"79b64aeab9b07de89ce2c09ad2f96a8fd305b32e"}
,"/home/Drive-A/coding_assessment_meldcx/services/StorageService/FileManager.js": {"path":"/home/Drive-A/coding_assessment_meldcx/services/StorageService/FileManager.js","statementMap":{"0":{"start":{"line":3,"column":4},"end":{"line":3,"column":26}},"1":{"start":{"line":10,"column":4},"end":{"line":10,"column":30}},"2":{"start":{"line":17,"column":4},"end":{"line":17,"column":26}},"3":{"start":{"line":26,"column":4},"end":{"line":26,"column":45}},"4":{"start":{"line":35,"column":4},"end":{"line":35,"column":41}},"5":{"start":{"line":44,"column":4},"end":{"line":44,"column":49}},"6":{"start":{"line":49,"column":0},"end":{"line":49,"column":29}}},"fnMap":{"0":{"name":"(anonymous_0)","decl":{"start":{"line":2,"column":2},"end":{"line":2,"column":3}},"loc":{"start":{"line":2,"column":16},"end":{"line":4,"column":3}},"line":2},"1":{"name":"(anonymous_1)","decl":{"start":{"line":9,"column":2},"end":{"line":9,"column":3}},"loc":{"start":{"line":9,"column":25},"end":{"line":11,"column":3}},"line":9},"2":{"name":"(anonymous_2)","decl":{"start":{"line":16,"column":2},"end":{"line":16,"column":3}},"loc":{"start":{"line":16,"column":17},"end":{"line":18,"column":3}},"line":16},"3":{"name":"(anonymous_3)","decl":{"start":{"line":25,"column":2},"end":{"line":25,"column":3}},"loc":{"start":{"line":25,"column":21},"end":{"line":27,"column":3}},"line":25},"4":{"name":"(anonymous_4)","decl":{"start":{"line":34,"column":2},"end":{"line":34,"column":3}},"loc":{"start":{"line":34,"column":17},"end":{"line":36,"column":3}},"line":34},"5":{"name":"(anonymous_5)","decl":{"start":{"line":43,"column":2},"end":{"line":43,"column":3}},"loc":{"start":{"line":43,"column":25},"end":{"line":45,"column":3}},"line":43}},"branchMap":{},"s":{"0":1,"1":1,"2":0,"3":1,"4":1,"5":0,"6":1},"f":{"0":1,"1":1,"2":0,"3":1,"4":1,"5":0},"b":{},"_coverageSchema":"1a1c01bbd47fc00a2c39e90264f33305004495a9","hash":"50771b746b47e85313e0289dd459178650b04f57"}
,"/home/Drive-A/coding_assessment_meldcx/services/StorageService/GStorage.js": {"path":"/home/Drive-A/coding_assessment_meldcx/services/StorageService/GStorage.js","statementMap":{"0":{"start":{"line":1,"column":20},"end":{"line":1,"column":52}},"1":{"start":{"line":2,"column":12},"end":{"line":2,"column":26}},"2":{"start":{"line":4,"column":0},"end":{"line":4,"column":27}},"3":{"start":{"line":6,"column":16},"end":{"line":12,"column":2}},"4":{"start":{"line":16,"column":8},"end":{"line":16,"column":30}},"5":{"start":{"line":17,"column":8},"end":{"line":17,"column":62}},"6":{"start":{"line":18,"column":8},"end":{"line":18,"column":86}},"7":{"start":{"line":26,"column":34},"end":{"line":42,"column":9}},"8":{"start":{"line":27,"column":12},"end":{"line":41,"column":15}},"9":{"start":{"line":28,"column":40},"end":{"line":28,"column":44}},"10":{"start":{"line":29,"column":29},"end":{"line":29,"column":59}},"11":{"start":{"line":30,"column":35},"end":{"line":30,"column":59}},"12":{"start":{"line":32,"column":16},"end":{"line":34,"column":19}},"13":{"start":{"line":33,"column":20},"end":{"line":33,"column":34}},"14":{"start":{"line":36,"column":16},"end":{"line":38,"column":19}},"15":{"start":{"line":37,"column":20},"end":{"line":37,"column":34}},"16":{"start":{"line":40,"column":16},"end":{"line":40,"column":44}},"17":{"start":{"line":44,"column":8},"end":{"line":48,"column":9}},"18":{"start":{"line":45,"column":12},"end":{"line":45,"column":42}},"19":{"start":{"line":47,"column":12},"end":{"line":47,"column":24}},"20":{"start":{"line":56,"column":8},"end":{"line":60,"column":9}},"21":{"start":{"line":57,"column":12},"end":{"line":57,"column":65}},"22":{"start":{"line":59,"column":12},"end":{"line":59,"column":24}},"23":{"start":{"line":68,"column":8},"end":{"line":72,"column":9}},"24":{"start":{"line":69,"column":12},"end":{"line":69,"column":81}},"25":{"start":{"line":71,"column":12},"end":{"line":71,"column":24}},"26":{"start":{"line":76,"column":0},"end":{"line":76,"column":26}}},"fnMap":{"0":{"name":"(anonymous_0)","decl":{"start":{"line":15,"column":4},"end":{"line":15,"column":5}},"loc":{"start":{"line":15,"column":18},"end":{"line":19,"column":5}},"line":15},"1":{"name":"(anonymous_1)","decl":{"start":{"line":25,"column":4},"end":{"line":25,"column":5}},"loc":{"start":{"line":25,"column":23},"end":{"line":49,"column":5}},"line":25},"2":{"name":"(anonymous_2)","decl":{"start":{"line":26,"column":34},"end":{"line":26,"column":35}},"loc":{"start":{"line":26,"column":44},"end":{"line":42,"column":9}},"line":26},"3":{"name":"(anonymous_3)","decl":{"start":{"line":27,"column":31},"end":{"line":27,"column":32}},"loc":{"start":{"line":27,"column":52},"end":{"line":41,"column":13}},"line":27},"4":{"name":"(anonymous_4)","decl":{"start":{"line":32,"column":39},"end":{"line":32,"column":40}},"loc":{"start":{"line":32,"column":48},"end":{"line":34,"column":17}},"line":32},"5":{"name":"(anonymous_5)","decl":{"start":{"line":36,"column":40},"end":{"line":36,"column":41}},"loc":{"start":{"line":36,"column":46},"end":{"line":38,"column":17}},"line":36},"6":{"name":"(anonymous_6)","decl":{"start":{"line":55,"column":4},"end":{"line":55,"column":5}},"loc":{"start":{"line":55,"column":19},"end":{"line":61,"column":5}},"line":55},"7":{"name":"(anonymous_7)","decl":{"start":{"line":67,"column":4},"end":{"line":67,"column":5}},"loc":{"start":{"line":67,"column":27},"end":{"line":73,"column":5}},"line":67}},"branchMap":{},"s":{"0":1,"1":1,"2":1,"3":1,"4":1,"5":1,"6":1,"7":0,"8":0,"9":0,"10":0,"11":0,"12":0,"13":0,"14":0,"15":0,"16":0,"17":0,"18":0,"19":0,"20":0,"21":0,"22":0,"23":0,"24":0,"25":0,"26":1},"f":{"0":1,"1":0,"2":0,"3":0,"4":0,"5":0,"6":0,"7":0},"b":{},"_coverageSchema":"1a1c01bbd47fc00a2c39e90264f33305004495a9","hash":"3240e7be241caff2e9361fe6968d9fa74d647e23"}
,"/home/Drive-A/coding_assessment_meldcx/services/StorageService/LocalStorage.js": {"path":"/home/Drive-A/coding_assessment_meldcx/services/StorageService/LocalStorage.js","statementMap":{"0":{"start":{"line":1,"column":11},"end":{"line":1,"column":24}},"1":{"start":{"line":2,"column":0},"end":{"line":2,"column":27}},"2":{"start":{"line":4,"column":20},"end":{"line":4,"column":31}},"3":{"start":{"line":7,"column":8},"end":{"line":7,"column":29}},"4":{"start":{"line":8,"column":8},"end":{"line":8,"column":42}},"5":{"start":{"line":17,"column":8},"end":{"line":21,"column":9}},"6":{"start":{"line":18,"column":12},"end":{"line":18,"column":92}},"7":{"start":{"line":20,"column":12},"end":{"line":20,"column":24}},"8":{"start":{"line":31,"column":8},"end":{"line":35,"column":9}},"9":{"start":{"line":32,"column":12},"end":{"line":32,"column":70}},"10":{"start":{"line":34,"column":12},"end":{"line":34,"column":24}},"11":{"start":{"line":43,"column":8},"end":{"line":47,"column":9}},"12":{"start":{"line":44,"column":12},"end":{"line":44,"column":68}},"13":{"start":{"line":46,"column":12},"end":{"line":46,"column":24}},"14":{"start":{"line":51,"column":0},"end":{"line":51,"column":30}}},"fnMap":{"0":{"name":"(anonymous_0)","decl":{"start":{"line":6,"column":4},"end":{"line":6,"column":5}},"loc":{"start":{"line":6,"column":18},"end":{"line":9,"column":5}},"line":6},"1":{"name":"(anonymous_1)","decl":{"start":{"line":16,"column":4},"end":{"line":16,"column":5}},"loc":{"start":{"line":16,"column":23},"end":{"line":22,"column":5}},"line":16},"2":{"name":"(anonymous_2)","decl":{"start":{"line":30,"column":4},"end":{"line":30,"column":5}},"loc":{"start":{"line":30,"column":19},"end":{"line":36,"column":5}},"line":30},"3":{"name":"(anonymous_3)","decl":{"start":{"line":42,"column":4},"end":{"line":42,"column":5}},"loc":{"start":{"line":42,"column":27},"end":{"line":48,"column":5}},"line":42}},"branchMap":{},"s":{"0":1,"1":1,"2":1,"3":1,"4":1,"5":1,"6":1,"7":0,"8":1,"9":1,"10":0,"11":0,"12":0,"13":0,"14":1},"f":{"0":1,"1":1,"2":1,"3":0},"b":{},"_coverageSchema":"1a1c01bbd47fc00a2c39e90264f33305004495a9","hash":"016d50fdacdaa645b9b2ce21277dbe1000d1bd93"}
,"/home/Drive-A/coding_assessment_meldcx/services/StorageService/index.js": {"path":"/home/Drive-A/coding_assessment_meldcx/services/StorageService/index.js","statementMap":{"0":{"start":{"line":1,"column":17},"end":{"line":1,"column":38}},"1":{"start":{"line":2,"column":21},"end":{"line":2,"column":46}},"2":{"start":{"line":6,"column":8},"end":{"line":6,"column":29}},"3":{"start":{"line":14,"column":8},"end":{"line":14,"column":57}},"4":{"start":{"line":24,"column":8},"end":{"line":24,"column":64}},"5":{"start":{"line":24,"column":43},"end":{"line":24,"column":59}},"6":{"start":{"line":29,"column":0},"end":{"line":29,"column":32}}},"fnMap":{"0":{"name":"(anonymous_0)","decl":{"start":{"line":5,"column":4},"end":{"line":5,"column":5}},"loc":{"start":{"line":5,"column":18},"end":{"line":7,"column":5}},"line":5},"1":{"name":"(anonymous_1)","decl":{"start":{"line":13,"column":4},"end":{"line":13,"column":5}},"loc":{"start":{"line":13,"column":26},"end":{"line":15,"column":5}},"line":13},"2":{"name":"(anonymous_2)","decl":{"start":{"line":23,"column":4},"end":{"line":23,"column":5}},"loc":{"start":{"line":23,"column":22},"end":{"line":25,"column":5}},"line":23},"3":{"name":"(anonymous_3)","decl":{"start":{"line":24,"column":38},"end":{"line":24,"column":39}},"loc":{"start":{"line":24,"column":43},"end":{"line":24,"column":59}},"line":24}},"branchMap":{},"s":{"0":1,"1":1,"2":1,"3":2,"4":1,"5":2,"6":1},"f":{"0":1,"1":2,"2":1,"3":2},"b":{},"_coverageSchema":"1a1c01bbd47fc00a2c39e90264f33305004495a9","hash":"83c87cbd92484efa038e32088ceea0ffd769fe02"}
}
